<?xml version="1.0" encoding="UTF-8"?>
<!-- Generated by org.testng.reporters.JUnitReportReporter -->
<testsuite hostname="DESKTOP-NPOVF55" failures="0" tests="1" name="com.comcast.crm.orgtest.CreateOrganizationTestWithPOMWithAnnotation_Assertion_Report" time="72.260" errors="0" timestamp="2024-11-06T11:19:08 IST" skipped="0">
  <testcase classname="com.comcast.crm.orgtest.CreateOrganizationTestWithPOMWithAnnotation_Assertion_Report" name="createOrgTest" time="72.260"/>
  <system-out/>
</testsuite> <!-- com.comcast.crm.orgtest.CreateOrganizationTestWithPOMWithAnnotation_Assertion_Report -->
